<?xml version="1.0" encoding="UTF-8"?>
<!-- Generated by org.testng.reporters.JUnitReportReporter -->
<testsuite skipped="0" hostname="Lenovo-PC" name="com.OrangeHrm.qa.Teastcase.DataImportPageTest" tests="3" failures="0" timestamp="17 Feb 2022 06:51:19 GMT" time="37.264" errors="0">
  <testcase name="f" time="0.024" classname="com.OrangeHrm.qa.Teastcase.DataImportPageTest"/>
  <testcase name="setup" time="11.116" classname="com.OrangeHrm.qa.Teastcase.DataImportPageTest"/>
  <testcase name="dataImportAction" time="26.124" classname="com.OrangeHrm.qa.Teastcase.DataImportPageTest"/>
</testsuite> <!-- com.OrangeHrm.qa.Teastcase.DataImportPageTest -->
