<?xml version="1.0" encoding="UTF-8"?>
<!-- Generated by org.testng.reporters.JUnitReportReporter -->
<testsuite skipped="0" hostname="Lenovo-PC" name="com.OrangeHrm.qa.Teastcase.PimAddPageTest" tests="3" failures="0" timestamp="19 Feb 2022 03:31:10 GMT" time="46.293" errors="0">
  <testcase name="f" time="0.000" classname="com.OrangeHrm.qa.Teastcase.PimAddPageTest"/>
  <testcase name="setupadd" time="40.153" classname="com.OrangeHrm.qa.Teastcase.PimAddPageTest"/>
  <testcase name="pimadd" time="6.140" classname="com.OrangeHrm.qa.Teastcase.PimAddPageTest"/>
</testsuite> <!-- com.OrangeHrm.qa.Teastcase.PimAddPageTest -->
