<?xml version="1.0" encoding="UTF-8"?>
<!-- Generated by org.testng.reporters.JUnitReportReporter -->
<testsuite skipped="0" hostname="Lenovo-PC" name="com.OrangeHrm.qa.Teastcase.AdminPageTest" tests="1" failures="0" timestamp="17 Feb 2022 03:44:01 GMT" time="82.613" errors="0">
  <testcase name="adminp" time="82.613" classname="com.OrangeHrm.qa.Teastcase.AdminPageTest"/>
</testsuite> <!-- com.OrangeHrm.qa.Teastcase.AdminPageTest -->
