<?xml version="1.0" encoding="UTF-8"?>
<!-- Generated by org.testng.reporters.JUnitReportReporter -->
<testsuite skipped="0" hostname="Lenovo-PC" name="com.OrangeHrm.qa.Teastcase.BasePageTest" tests="1" failures="0" timestamp="05 Feb 2022 03:36:06 GMT" time="0.000" errors="0">
  <testcase name="f" time="0.000" classname="com.OrangeHrm.qa.Teastcase.BasePageTest"/>
</testsuite> <!-- com.OrangeHrm.qa.Teastcase.BasePageTest -->
