<?xml version="1.0" encoding="UTF-8"?>
<!-- Generated by org.testng.reporters.JUnitReportReporter -->
<testsuite skipped="0" hostname="Lenovo-PC" name="com.OrangeHrm.qa.Teastcase.LeavePageTest" tests="2" failures="0" timestamp="14 Feb 2022 15:26:06 GMT" time="33.532" errors="0">
  <testcase name="leaveactonTest" time="33.516" classname="com.OrangeHrm.qa.Teastcase.LeavePageTest"/>
  <testcase name="f" time="0.016" classname="com.OrangeHrm.qa.Teastcase.LeavePageTest"/>
</testsuite> <!-- com.OrangeHrm.qa.Teastcase.LeavePageTest -->
