<?xml version="1.0" encoding="UTF-8"?>
<!-- Generated by org.testng.reporters.JUnitReportReporter -->
<testsuite skipped="0" hostname="Lenovo-PC" name="com.OrangeHrm.qa.Teastcase.MyInfoTest" tests="3" failures="0" timestamp="19 Feb 2022 03:07:37 GMT" time="26.272" errors="0">
  <testcase name="f" time="0.020" classname="com.OrangeHrm.qa.Teastcase.MyInfoTest"/>
  <testcase name="myinfoLogin" time="15.176" classname="com.OrangeHrm.qa.Teastcase.MyInfoTest"/>
  <testcase name="myinfoActions" time="11.076" classname="com.OrangeHrm.qa.Teastcase.MyInfoTest"/>
</testsuite> <!-- com.OrangeHrm.qa.Teastcase.MyInfoTest -->
