<?xml version="1.0" encoding="UTF-8"?>
<!-- Generated by org.testng.reporters.JUnitReportReporter -->
<testsuite skipped="0" hostname="Lenovo-PC" name="com.OrangeHrm.qa.Teastcase.AddUserTest" tests="3" failures="0" timestamp="10 Feb 2022 17:19:56 GMT" time="96.369" errors="0">
  <testcase name="f" time="0.024" classname="com.OrangeHrm.qa.Teastcase.AddUserTest"/>
  <testcase name="datasetup" time="66.261" classname="com.OrangeHrm.qa.Teastcase.AddUserTest"/>
  <testcase name="adduserTest" time="30.084" classname="com.OrangeHrm.qa.Teastcase.AddUserTest"/>
</testsuite> <!-- com.OrangeHrm.qa.Teastcase.AddUserTest -->
