<?xml version="1.0" encoding="UTF-8"?>
<!-- Generated by org.testng.reporters.JUnitReportReporter -->
<testsuite skipped="0" hostname="Lenovo-PC" name="com.OrangeHrm.qa.Teastcase.PimPageTest" tests="3" failures="0" timestamp="15 Feb 2022 04:23:21 GMT" time="24.276" errors="0">
  <testcase name="f" time="0.016" classname="com.OrangeHrm.qa.Teastcase.PimPageTest"/>
  <testcase name="setuplogin" time="7.444" classname="com.OrangeHrm.qa.Teastcase.PimPageTest"/>
  <testcase name="pimAction" time="16.816" classname="com.OrangeHrm.qa.Teastcase.PimPageTest"/>
</testsuite> <!-- com.OrangeHrm.qa.Teastcase.PimPageTest -->
